<?xml version="1.0" encoding="UTF-8" ?>
<testsuite failures="0" time="0.218" errors="0" skipped="0" tests="1" name="ccom.acme.HelloWorldTest">
  <properties>
    <property name="java.runtime.name" value="Java(TM) SE Runtime Environment"/>
    <property name="sun.boot.library.path" value="/usr/lib/jvm/java-6-sun-1.6.0.20/jre/lib/i386"/>
    <property name="java.vm.version" value="16.3-b01"/>
    <property name="java.vm.vendor" value="Sun Microsystems Inc."/>
    <property name="java.vendor.url" value="http://java.sun.com/"/>
    <property name="path.separator" value=":"/>
    <property name="java.vm.name" value="Java HotSpot(TM) Server VM"/>
    <property name="file.encoding.pkg" value="sun.io"/>
    <property name="user.country" value="BR"/>
    <property name="sun.java.launcher" value="SUN_STANDARD"/>
    <property name="sun.os.patch.level" value="unknown"/>
    <property name="java.vm.specification.name" value="Java Virtual Machine Specification"/>
    <property name="user.dir" value="/home/david/appXwikiTemp/example"/>
    <property name="java.runtime.version" value="1.6.0_20-b02"/>
    <property name="java.awt.graphicsenv" value="sun.awt.X11GraphicsEnvironment"/>
    <property name="basedir" value="/home/david/appXwikiTemp/example"/>
    <property name="java.endorsed.dirs" value="/usr/lib/jvm/java-6-sun-1.6.0.20/jre/lib/endorsed"/>
    <property name="os.arch" value="i386"/>
    <property name="surefire.real.class.path" value="/tmp/surefirebooter5394715436510670825.jar"/>
    <property name="java.io.tmpdir" value="/tmp"/>
    <property name="line.separator" value="
"/>
    <property name="java.vm.specification.vendor" value="Sun Microsystems Inc."/>
    <property name="os.name" value="Linux"/>
    <property name="sun.jnu.encoding" value="UTF-8"/>
    <property name="java.library.path" value="/usr/lib/jvm/java-6-sun-1.6.0.20/jre/lib/i386/server:/usr/lib/jvm/java-6-sun-1.6.0.20/jre/lib/i386:/usr/lib/jvm/java-6-sun-1.6.0.20/jre/../lib/i386:/usr/java/packages/lib/i386:/lib:/usr/lib"/>
    <property name="surefire.test.class.path" value="/home/david/appXwikiTemp/example/target/test-classes:/home/david/appXwikiTemp/example/target/classes:/home/david/.m2/repository/org/xwiki/platform/xwiki-core-component-default/2.5/xwiki-core-component-default-2.5.jar:/home/david/.m2/repository/commons-logging/commons-logging/1.1.1/commons-logging-1.1.1.jar:/home/david/.m2/repository/org/xwiki/platform/xwiki-core-component-api/2.5/xwiki-core-component-api-2.5.jar:/home/david/.m2/repository/org/xwiki/platform/xwiki-core-component-observation/2.5/xwiki-core-component-observation-2.5.jar:/home/david/.m2/repository/org/xwiki/platform/xwiki-core-observation-api/2.5/xwiki-core-observation-api-2.5.jar:/home/david/.m2/repository/org/xwiki/platform/xwiki-core-script/2.5/xwiki-core-script-2.5.jar:/home/david/.m2/repository/org/xwiki/platform/xwiki-core-context/2.5/xwiki-core-context-2.5.jar:/home/david/.m2/repository/org/livetribe/livetribe-jsr223/2.0.6/livetribe-jsr223-2.0.6.jar:/home/david/.m2/repository/org/xwiki/platform/xwiki-core-shared-tests/2.5/xwiki-core-shared-tests-2.5.jar:/home/david/.m2/repository/junit/junit/4.5/junit-4.5.jar:/home/david/.m2/repository/org/jmock/jmock/2.5.1/jmock-2.5.1.jar:/home/david/.m2/repository/org/hamcrest/hamcrest-core/1.1/hamcrest-core-1.1.jar:/home/david/.m2/repository/org/hamcrest/hamcrest-library/1.1/hamcrest-library-1.1.jar:/home/david/.m2/repository/org/jmock/jmock-junit4/2.5.1/jmock-junit4-2.5.1.jar:/home/david/.m2/repository/junit/junit-dep/4.4/junit-dep-4.4.jar:/home/david/.m2/repository/jmock/jmock/1.2.0/jmock-1.2.0.jar:/home/david/.m2/repository/jmock/jmock-cglib/1.2.0/jmock-cglib-1.2.0.jar:/home/david/.m2/repository/cglib/cglib-nodep/2.1_3/cglib-nodep-2.1_3.jar:/home/david/.m2/repository/commons-httpclient/commons-httpclient/3.1/commons-httpclient-3.1.jar:/home/david/.m2/repository/commons-codec/commons-codec/1.2/commons-codec-1.2.jar:/home/david/.m2/repository/org/xwiki/platform/xwiki-core-container-api/2.5/xwiki-core-container-api-2.5.jar:/home/david/.m2/repository/org/xwiki/platform/xwiki-core-url-api/2.5/xwiki-core-url-api-2.5.jar:/home/david/.m2/repository/org/xwiki/platform/xwiki-core-model/2.5/xwiki-core-model-2.5.jar:/home/david/.m2/repository/org/xwiki/platform/xwiki-core-configuration-api/2.5/xwiki-core-configuration-api-2.5.jar:/home/david/.m2/repository/commons-lang/commons-lang/2.5/commons-lang-2.5.jar:/home/david/.m2/repository/org/apache/ant/ant/1.7.0/ant-1.7.0.jar:/home/david/.m2/repository/org/apache/ant/ant-launcher/1.7.0/ant-launcher-1.7.0.jar:/home/david/.m2/repository/org/slf4j/slf4j-log4j12/1.5.8/slf4j-log4j12-1.5.8.jar:/home/david/.m2/repository/org/slf4j/slf4j-api/1.5.8/slf4j-api-1.5.8.jar:/home/david/.m2/repository/log4j/log4j/1.2.14/log4j-1.2.14.jar:"/>
    <property name="java.specification.name" value="Java Platform API Specification"/>
    <property name="java.class.version" value="50.0"/>
    <property name="sun.management.compiler" value="HotSpot Tiered Compilers"/>
    <property name="os.version" value="2.6.32-25-generic"/>
    <property name="user.home" value="/home/david"/>
    <property name="user.timezone" value=""/>
    <property name="java.awt.printerjob" value="sun.print.PSPrinterJob"/>
    <property name="file.encoding" value="UTF-8"/>
    <property name="java.specification.version" value="1.6"/>
    <property name="user.name" value="david"/>
    <property name="java.class.path" value="/home/david/appXwikiTemp/example/target/test-classes:/home/david/appXwikiTemp/example/target/classes:/home/david/.m2/repository/org/xwiki/platform/xwiki-core-component-default/2.5/xwiki-core-component-default-2.5.jar:/home/david/.m2/repository/commons-logging/commons-logging/1.1.1/commons-logging-1.1.1.jar:/home/david/.m2/repository/org/xwiki/platform/xwiki-core-component-api/2.5/xwiki-core-component-api-2.5.jar:/home/david/.m2/repository/org/xwiki/platform/xwiki-core-component-observation/2.5/xwiki-core-component-observation-2.5.jar:/home/david/.m2/repository/org/xwiki/platform/xwiki-core-observation-api/2.5/xwiki-core-observation-api-2.5.jar:/home/david/.m2/repository/org/xwiki/platform/xwiki-core-script/2.5/xwiki-core-script-2.5.jar:/home/david/.m2/repository/org/xwiki/platform/xwiki-core-context/2.5/xwiki-core-context-2.5.jar:/home/david/.m2/repository/org/livetribe/livetribe-jsr223/2.0.6/livetribe-jsr223-2.0.6.jar:/home/david/.m2/repository/org/xwiki/platform/xwiki-core-shared-tests/2.5/xwiki-core-shared-tests-2.5.jar:/home/david/.m2/repository/junit/junit/4.5/junit-4.5.jar:/home/david/.m2/repository/org/jmock/jmock/2.5.1/jmock-2.5.1.jar:/home/david/.m2/repository/org/hamcrest/hamcrest-core/1.1/hamcrest-core-1.1.jar:/home/david/.m2/repository/org/hamcrest/hamcrest-library/1.1/hamcrest-library-1.1.jar:/home/david/.m2/repository/org/jmock/jmock-junit4/2.5.1/jmock-junit4-2.5.1.jar:/home/david/.m2/repository/junit/junit-dep/4.4/junit-dep-4.4.jar:/home/david/.m2/repository/jmock/jmock/1.2.0/jmock-1.2.0.jar:/home/david/.m2/repository/jmock/jmock-cglib/1.2.0/jmock-cglib-1.2.0.jar:/home/david/.m2/repository/cglib/cglib-nodep/2.1_3/cglib-nodep-2.1_3.jar:/home/david/.m2/repository/commons-httpclient/commons-httpclient/3.1/commons-httpclient-3.1.jar:/home/david/.m2/repository/commons-codec/commons-codec/1.2/commons-codec-1.2.jar:/home/david/.m2/repository/org/xwiki/platform/xwiki-core-container-api/2.5/xwiki-core-container-api-2.5.jar:/home/david/.m2/repository/org/xwiki/platform/xwiki-core-url-api/2.5/xwiki-core-url-api-2.5.jar:/home/david/.m2/repository/org/xwiki/platform/xwiki-core-model/2.5/xwiki-core-model-2.5.jar:/home/david/.m2/repository/org/xwiki/platform/xwiki-core-configuration-api/2.5/xwiki-core-configuration-api-2.5.jar:/home/david/.m2/repository/commons-lang/commons-lang/2.5/commons-lang-2.5.jar:/home/david/.m2/repository/org/apache/ant/ant/1.7.0/ant-1.7.0.jar:/home/david/.m2/repository/org/apache/ant/ant-launcher/1.7.0/ant-launcher-1.7.0.jar:/home/david/.m2/repository/org/slf4j/slf4j-log4j12/1.5.8/slf4j-log4j12-1.5.8.jar:/home/david/.m2/repository/org/slf4j/slf4j-api/1.5.8/slf4j-api-1.5.8.jar:/home/david/.m2/repository/log4j/log4j/1.2.14/log4j-1.2.14.jar:"/>
    <property name="java.vm.specification.version" value="1.0"/>
    <property name="sun.arch.data.model" value="32"/>
    <property name="java.home" value="/usr/lib/jvm/java-6-sun-1.6.0.20/jre"/>
    <property name="java.specification.vendor" value="Sun Microsystems Inc."/>
    <property name="user.language" value="pt"/>
    <property name="java.vm.info" value="mixed mode"/>
    <property name="java.version" value="1.6.0_20"/>
    <property name="java.ext.dirs" value="/usr/lib/jvm/java-6-sun-1.6.0.20/jre/lib/ext:/usr/java/packages/lib/ext"/>
    <property name="sun.boot.class.path" value="/usr/lib/jvm/java-6-sun-1.6.0.20/jre/lib/resources.jar:/usr/lib/jvm/java-6-sun-1.6.0.20/jre/lib/rt.jar:/usr/lib/jvm/java-6-sun-1.6.0.20/jre/lib/sunrsasign.jar:/usr/lib/jvm/java-6-sun-1.6.0.20/jre/lib/jsse.jar:/usr/lib/jvm/java-6-sun-1.6.0.20/jre/lib/jce.jar:/usr/lib/jvm/java-6-sun-1.6.0.20/jre/lib/charsets.jar:/usr/lib/jvm/java-6-sun-1.6.0.20/jre/classes"/>
    <property name="java.vendor" value="Sun Microsystems Inc."/>
    <property name="localRepository" value="/home/david/.m2/repository"/>
    <property name="file.separator" value="/"/>
    <property name="java.vendor.url.bug" value="http://java.sun.com/cgi-bin/bugreport.cgi"/>
    <property name="sun.cpu.endian" value="little"/>
    <property name="sun.io.unicode.encoding" value="UnicodeLittle"/>
    <property name="sun.desktop" value="gnome"/>
    <property name="sun.cpu.isalist" value=""/>
  </properties>
  <testcase time="0.187" classname="ccom.acme.HelloWorldTest" name="testSayHello"/>
</testsuite>